<?xml version="1.0" encoding="UTF-8"?>
<testng-results ignored="0" total="1" passed="1" failed="0" skipped="0">
  <reporter-output>
  </reporter-output>
  <suite started-at="2023-08-10T13:22:21 IST" name="Default suite" finished-at="2023-08-10T13:22:22 IST" duration-ms="437">
    <groups>
    </groups>
    <test started-at="2023-08-10T13:22:21 IST" name="Default test" finished-at="2023-08-10T13:22:22 IST" duration-ms="437">
      <class name="FakerData.FakerDataGenerator">
        <test-method signature="testGenerateDummyData()[pri:0, instance:FakerData.FakerDataGenerator@169e6180]" started-at="2023-08-10T13:22:21 IST" name="testGenerateDummyData" finished-at="2023-08-10T13:22:22 IST" duration-ms="363" status="PASS">
          <reporter-output>
          </reporter-output>
        </test-method> <!-- testGenerateDummyData -->
      </class> <!-- FakerData.FakerDataGenerator -->
    </test> <!-- Default test -->
  </suite> <!-- Default suite -->
</testng-results>
